<?xml version="1.0" encoding="UTF-8"?>
<testsuite name="first.FirstTest" tests="1" skipped="0" failures="0" errors="0" timestamp="2020-07-02T11:01:06" hostname="gimminhoui-MacBook-Pro.local" time="0.017">
  <properties/>
  <testcase name="testBuyDonuts" classname="first.FirstTest" time="0.017"/>
  <system-out><![CDATA[]]></system-out>
  <system-err><![CDATA[]]></system-err>
</testsuite>
